----------

Sat Jun 06 2020 13:06:07 GMT-0400 (Eastern Daylight Time)

warning: LF will be replaced by CRLF in assets/bootstrap/css/bootstrap.min.css.
The file will have its original line endings in your working directory


----------

Sat Jun 06 2020 13:06:07 GMT-0400 (Eastern Daylight Time)

warning: LF will be replaced by CRLF in assets/bootstrap/js/bootstrap.min.js.
The file will have its original line endings in your working directory


----------

Sat Jun 06 2020 13:06:07 GMT-0400 (Eastern Daylight Time)

warning: LF will be replaced by CRLF in assets/fonts/font-awesome.min.css.
The file will have its original line endings in your working directory


----------

Sat Jun 06 2020 13:06:07 GMT-0400 (Eastern Daylight Time)

warning: LF will be replaced by CRLF in assets/fonts/fontawesome-webfont.svg.
The file will have its original line endings in your working directory


----------

Sat Jun 06 2020 13:06:08 GMT-0400 (Eastern Daylight Time)

warning: LF will be replaced by CRLF in assets/js/agency.js.
The file will have its original line endings in your working directory


----------

Sat Jun 06 2020 13:06:08 GMT-0400 (Eastern Daylight Time)

warning: LF will be replaced by CRLF in assets/js/jquery.min.js.
The file will have its original line endings in your working directory


----------

Sat Jun 06 2020 13:06:08 GMT-0400 (Eastern Daylight Time)

warning: LF will be replaced by CRLF in index.html.
The file will have its original line endings in your working directory


----------

Sat Jun 06 2020 13:06:11 GMT-0400 (Eastern Daylight Time)

remote: Permission to waterTrackers/waterTrackers.github.io.git denied to ymhaca.
fatal: unable to access 'https://github.com/waterTrackers/waterTrackers.github.io/': The requested URL returned error: 403


